# JRE version: Java(TM) SE Runtime Environment (14.0.2+12) (build 14.0.2+12-46)
# Java VM: Java HotSpot(TM) 64-Bit Server VM (14.0.2+12-46, mixed mode, sharing, tiered, compressed oops, g1 gc, windows-amd64)
Heap:
 garbage-first heap   total 262144K, used 189571K [0x00000000e0000000, 0x0000000100000000)
  region size 1024K, 75 young (76800K), 6 survivors (6144K)
 Metaspace       used 88129K, capacity 90711K, committed 91392K, reserved 333824K
  class space    used 11302K, capacity 12308K, committed 12544K, reserved 253952K
GC Heap History (20 events):
Event: 776.561 GC heap before
{Heap before GC invocations=53 (full 0):
 garbage-first heap   total 262144K, used 224259K [0x00000000e0000000, 0x0000000100000000)
  region size 1024K, 104 young (106496K), 9 survivors (9216K)
 Metaspace       used 87395K, capacity 90299K, committed 90496K, reserved 333824K
  class space    used 11287K, capacity 12382K, committed 12416K, reserved 253952K
}
Event: 776.567 GC heap after
{Heap after GC invocations=54 (full 0):
 garbage-first heap   total 262144K, used 125027K [0x00000000e0000000, 0x0000000100000000)
  region size 1024K, 5 young (5120K), 5 survivors (5120K)
 Metaspace       used 87395K, capacity 90299K, committed 90496K, reserved 333824K
  class space    used 11287K, capacity 12382K, committed 12416K, reserved 253952K
}
Event: 776.903 GC heap before
{Heap before GC invocations=55 (full 0):
 garbage-first heap   total 262144K, used 226403K [0x00000000e0000000, 0x0000000100000000)
  region size 1024K, 104 young (106496K), 5 survivors (5120K)
 Metaspace       used 86649K, capacity 89052K, committed 90496K, reserved 333824K
  class space    used 11110K, capacity 12051K, committed 12416K, reserved 253952K
}
Event: 776.908 GC heap after
{Heap after GC invocations=56 (full 0):
 garbage-first heap   total 262144K, used 124333K [0x00000000e0000000, 0x0000000100000000)
  region size 1024K, 4 young (4096K), 4 survivors (4096K)
 Metaspace       used 86649K, capacity 89052K, committed 90496K, reserved 333824K
  class space    used 11110K, capacity 12051K, committed 12416K, reserved 253952K
}
Event: 776.931 GC heap before
{Heap before GC invocations=56 (full 0):
 garbage-first heap   total 262144K, used 131501K [0x00000000e0000000, 0x0000000100000000)
  region size 1024K, 12 young (12288K), 4 survivors (4096K)
 Metaspace       used 86649K, capacity 89052K, committed 90496K, reserved 333824K
  class space    used 11110K, capacity 12051K, committed 12416K, reserved 253952K
}
Event: 776.945 GC heap after
{Heap after GC invocations=57 (full 0):
 garbage-first heap   total 262144K, used 107331K [0x00000000e0000000, 0x0000000100000000)
  region size 1024K, 2 young (2048K), 2 survivors (2048K)
 Metaspace       used 86649K, capacity 89052K, committed 90496K, reserved 333824K
  class space    used 11110K, capacity 12051K, committed 12416K, reserved 253952K
}
Event: 778.074 GC heap before
{Heap before GC invocations=57 (full 0):
 garbage-first heap   total 262144K, used 225091K [0x00000000e0000000, 0x0000000100000000)
  region size 1024K, 118 young (120832K), 2 survivors (2048K)
 Metaspace       used 86770K, capacity 89217K, committed 90496K, reserved 333824K
  class space    used 11119K, capacity 12060K, committed 12416K, reserved 253952K
}
Event: 778.082 GC heap after
{Heap after GC invocations=58 (full 0):
 garbage-first heap   total 262144K, used 116899K [0x00000000e0000000, 0x0000000100000000)
  region size 1024K, 11 young (11264K), 11 survivors (11264K)
 Metaspace       used 86770K, capacity 89217K, committed 90496K, reserved 333824K
  class space    used 11119K, capacity 12060K, committed 12416K, reserved 253952K
}
Event: 778.524 GC heap before
{Heap before GC invocations=58 (full 0):
 garbage-first heap   total 262144K, used 218275K [0x00000000e0000000, 0x0000000100000000)
  region size 1024K, 111 young (113664K), 11 survivors (11264K)
 Metaspace       used 86775K, capacity 89217K, committed 90496K, reserved 333824K
  class space    used 11119K, capacity 12060K, committed 12416K, reserved 253952K
}
Event: 778.531 GC heap after
{Heap after GC invocations=59 (full 0):
 garbage-first heap   total 262144K, used 115075K [0x00000000e0000000, 0x0000000100000000)
  region size 1024K, 5 young (5120K), 5 survivors (5120K)
 Metaspace       used 86775K, capacity 89217K, committed 90496K, reserved 333824K
  class space    used 11119K, capacity 12060K, committed 12416K, reserved 253952K
}
Event: 779.081 GC heap before
{Heap before GC invocations=59 (full 0):
 garbage-first heap   total 262144K, used 218499K [0x00000000e0000000, 0x0000000100000000)
  region size 1024K, 107 young (109568K), 5 survivors (5120K)
 Metaspace       used 86775K, capacity 89217K, committed 90496K, reserved 333824K
  class space    used 11119K, capacity 12060K, committed 12416K, reserved 253952K
}
Event: 779.088 GC heap after
{Heap after GC invocations=60 (full 0):
 garbage-first heap   total 262144K, used 116593K [0x00000000e0000000, 0x0000000100000000)
  region size 1024K, 7 young (7168K), 7 survivors (7168K)
 Metaspace       used 86775K, capacity 89217K, committed 90496K, reserved 333824K
  class space    used 11119K, capacity 12060K, committed 12416K, reserved 253952K
}
Event: 779.704 GC heap before
{Heap before GC invocations=60 (full 0):
 garbage-first heap   total 262144K, used 221041K [0x00000000e0000000, 0x0000000100000000)
  region size 1024K, 109 young (111616K), 7 survivors (7168K)
 Metaspace       used 86775K, capacity 89217K, committed 90496K, reserved 333824K
  class space    used 11119K, capacity 12060K, committed 12416K, reserved 253952K
}
Event: 779.712 GC heap after
{Heap after GC invocations=61 (full 0):
 garbage-first heap   total 262144K, used 118188K [0x00000000e0000000, 0x0000000100000000)
  region size 1024K, 8 young (8192K), 8 survivors (8192K)
 Metaspace       used 86775K, capacity 89217K, committed 90496K, reserved 333824K
  class space    used 11119K, capacity 12060K, committed 12416K, reserved 253952K
}
Event: 780.468 GC heap before
{Heap before GC invocations=61 (full 0):
 garbage-first heap   total 262144K, used 222636K [0x00000000e0000000, 0x0000000100000000)
  region size 1024K, 111 young (113664K), 8 survivors (8192K)
 Metaspace       used 86831K, capacity 89299K, committed 90496K, reserved 333824K
  class space    used 11125K, capacity 12065K, committed 12416K, reserved 253952K
}
Event: 780.478 GC heap after
{Heap after GC invocations=62 (full 0):
 garbage-first heap   total 262144K, used 120371K [0x00000000e0000000, 0x0000000100000000)
  region size 1024K, 8 young (8192K), 8 survivors (8192K)
 Metaspace       used 86831K, capacity 89299K, committed 90496K, reserved 333824K
  class space    used 11125K, capacity 12065K, committed 12416K, reserved 253952K
}
Event: 780.842 GC heap before
{Heap before GC invocations=62 (full 0):
 garbage-first heap   total 262144K, used 221747K [0x00000000e0000000, 0x0000000100000000)
  region size 1024K, 108 young (110592K), 8 survivors (8192K)
 Metaspace       used 86833K, capacity 89300K, committed 90496K, reserved 333824K
  class space    used 11125K, capacity 12065K, committed 12416K, reserved 253952K
}
Event: 780.848 GC heap after
{Heap after GC invocations=63 (full 0):
 garbage-first heap   total 262144K, used 119555K [0x00000000e0000000, 0x0000000100000000)
  region size 1024K, 5 young (5120K), 5 survivors (5120K)
 Metaspace       used 86833K, capacity 89300K, committed 90496K, reserved 333824K
  class space    used 11125K, capacity 12065K, committed 12416K, reserved 253952K
}
Event: 781.272 GC heap before
{Heap before GC invocations=63 (full 0):
 garbage-first heap   total 262144K, used 226051K [0x00000000e0000000, 0x0000000100000000)
  region size 1024K, 109 young (111616K), 5 survivors (5120K)
 Metaspace       used 86841K, capacity 89300K, committed 90496K, reserved 333824K
  class space    used 11125K, capacity 12065K, committed 12416K, reserved 253952K
}
Event: 781.277 GC heap after
{Heap after GC invocations=64 (full 0):
 garbage-first heap   total 262144K, used 119939K [0x00000000e0000000, 0x0000000100000000)
  region size 1024K, 6 young (6144K), 6 survivors (6144K)
 Metaspace       used 86841K, capacity 89300K, committed 90496K, reserved 333824K
  class space    used 11125K, capacity 12065K, committed 12416K, reserved 253952K
}

